c:\users\varga\videos\primerproyecto#2 - copia (3) - copia - copia - copia - copia - copia - copia\proyecto#2\x64\debug\vc143.pdb
c:\users\varga\videos\primerproyecto#2 - copia (3) - copia - copia - copia - copia - copia - copia\proyecto#2\x64\debug\vc143.idb
c:\users\varga\videos\primerproyecto#2 - copia (3) - copia - copia - copia - copia - copia - copia\proyecto#2\x64\debug\venta.obj
c:\users\varga\videos\primerproyecto#2 - copia (3) - copia - copia - copia - copia - copia - copia\proyecto#2\x64\debug\segmento.obj
c:\users\varga\videos\primerproyecto#2 - copia (3) - copia - copia - copia - copia - copia - copia\proyecto#2\x64\debug\salessystem.obj
c:\users\varga\videos\primerproyecto#2 - copia (3) - copia - copia - copia - copia - copia - copia\proyecto#2\x64\debug\main.obj
c:\users\varga\videos\primerproyecto#2 - copia (3) - copia - copia - copia - copia - copia - copia\proyecto#2\x64\debug\interfazgrafica.obj
c:\users\varga\videos\primerproyecto#2 - copia (3) - copia - copia - copia - copia - copia - copia\proyecto#2\x64\debug\graficos.obj
c:\users\varga\videos\primerproyecto#2 - copia (3) - copia - copia - copia - copia - copia - copia\proyecto#2\x64\debug\evento.obj
c:\users\varga\videos\primerproyecto#2 - copia (3) - copia - copia - copia - copia - copia - copia\proyecto#2\x64\debug\descuento.obj
c:\users\varga\videos\primerproyecto#2 - copia (3) - copia - copia - copia - copia - copia - copia\proyecto#2\x64\debug\cuadrotexto.obj
c:\users\varga\videos\primerproyecto#2 - copia (3) - copia - copia - copia - copia - copia - copia\proyecto#2\x64\debug\botones.obj
c:\users\varga\videos\primerproyecto#2 - copia (3) - copia - copia - copia - copia - copia - copia\proyecto#2\x64\debug\estado.obj
c:\users\varga\videos\primerproyecto#2 - copia (3) - copia - copia - copia - copia - copia - copia\x64\debug\proyecto#2.exe
c:\users\varga\videos\primerproyecto#2 - copia (3) - copia - copia - copia - copia - copia - copia\x64\debug\proyecto#2.pdb
c:\users\varga\videos\primerproyecto#2 - copia (3) - copia - copia - copia - copia - copia - copia\proyecto#2\x64\debug\proyecto#2.ilk
c:\users\varga\videos\primerproyecto#2 - copia (3) - copia - copia - copia - copia - copia - copia\proyecto#2\x64\debug\proyecto#2.tlog\cl.command.1.tlog
c:\users\varga\videos\primerproyecto#2 - copia (3) - copia - copia - copia - copia - copia - copia\proyecto#2\x64\debug\proyecto#2.tlog\cl.items.tlog
c:\users\varga\videos\primerproyecto#2 - copia (3) - copia - copia - copia - copia - copia - copia\proyecto#2\x64\debug\proyecto#2.tlog\cl.read.1.tlog
c:\users\varga\videos\primerproyecto#2 - copia (3) - copia - copia - copia - copia - copia - copia\proyecto#2\x64\debug\proyecto#2.tlog\cl.write.1.tlog
c:\users\varga\videos\primerproyecto#2 - copia (3) - copia - copia - copia - copia - copia - copia\proyecto#2\x64\debug\proyecto#2.tlog\link.command.1.tlog
c:\users\varga\videos\primerproyecto#2 - copia (3) - copia - copia - copia - copia - copia - copia\proyecto#2\x64\debug\proyecto#2.tlog\link.read.1.tlog
c:\users\varga\videos\primerproyecto#2 - copia (3) - copia - copia - copia - copia - copia - copia\proyecto#2\x64\debug\proyecto#2.tlog\link.secondary.1.tlog
c:\users\varga\videos\primerproyecto#2 - copia (3) - copia - copia - copia - copia - copia - copia\proyecto#2\x64\debug\proyecto#2.tlog\link.write.1.tlog
